      Step     Time          Energy          fmax
FIRE:    0 01:09:59    -2434.764648        0.566042
FIRE:    1 01:09:59    -2434.774658        0.681590
FIRE:    2 01:10:00    -2434.794434        0.919487
FIRE:    3 01:10:00    -2434.833008        1.255170
FIRE:    4 01:10:00    -2434.910156        1.686741
FIRE:    5 01:10:00    -2435.056885        2.138707
FIRE:    6 01:10:01    -2435.300781        2.291422
FIRE:    7 01:10:01    -2435.598633        1.598758
FIRE:    8 01:10:01    -2435.767822        1.380775
FIRE:    9 01:10:01    -2435.782959        1.302768
FIRE:   10 01:10:02    -2435.807861        1.158088
FIRE:   11 01:10:02    -2435.834229        0.974521
FIRE:   12 01:10:02    -2435.855469        0.805633
FIRE:   13 01:10:03    -2435.871338        0.718953
FIRE:   14 01:10:03    -2435.885742        0.858263
FIRE:   15 01:10:03    -2435.904053        0.921471
FIRE:   16 01:10:03    -2435.930664        0.818801
FIRE:   17 01:10:04    -2435.962891        0.527809
FIRE:   18 01:10:04    -2435.990967        0.395813
FIRE:   19 01:10:04    -2436.011475        0.518916
FIRE:   20 01:10:04    -2436.035645        0.582177
FIRE:   21 01:10:05    -2436.071289        0.423282
FIRE:   22 01:10:05    -2436.102783        0.394220
FIRE:   23 01:10:05    -2436.127197        0.678520
FIRE:   24 01:10:06    -2436.163818        0.402567
FIRE:   25 01:10:06    -2436.190918        0.408660
FIRE:   26 01:10:06    -2436.217529        0.406535
FIRE:   27 01:10:06    -2436.239258        0.393760
FIRE:   28 01:10:07    -2436.243652        0.256527
FIRE:   29 01:10:07    -2436.246826        0.117685
FIRE:   30 01:10:07    -2436.248291        0.212305
FIRE:   31 01:10:07    -2436.248779        0.199564
FIRE:   32 01:10:08    -2436.249756        0.175412
FIRE:   33 01:10:08    -2436.250732        0.142977
FIRE:   34 01:10:08    -2436.251465        0.107247
FIRE:   35 01:10:08    -2436.252441        0.096177
FIRE:   36 01:10:09    -2436.253174        0.109920
FIRE:   37 01:10:09    -2436.254395        0.128306
FIRE:   38 01:10:09    -2436.255859        0.137363
FIRE:   39 01:10:10    -2436.257568        0.128824
FIRE:   40 01:10:10    -2436.259521        0.118752
FIRE:   41 01:10:10    -2436.262207        0.099772
FIRE:   42 01:10:10    -2436.265137        0.110650
FIRE:   43 01:10:11    -2436.268311        0.125262
FIRE:   44 01:10:11    -2436.272217        0.119366
FIRE:   45 01:10:11    -2436.276855        0.097179
FIRE:   46 01:10:11    -2436.281982        0.103540
FIRE:   47 01:10:12    -2436.288086        0.116444
FIRE:   48 01:10:12    -2436.295166        0.089353
FIRE:   49 01:10:12    -2436.302979        0.116247
FIRE:   50 01:10:12    -2436.312012        0.111189
FIRE:   51 01:10:13    -2436.322021        0.114386
FIRE:   52 01:10:13    -2436.331787        0.319572
FIRE:   53 01:10:13    -2436.322510        1.210261
FIRE:   54 01:10:14    -2436.345947        0.331734
FIRE:   55 01:10:14    -2436.347168        0.231470
FIRE:   56 01:10:14    -2436.347900        0.101480
FIRE:   57 01:10:14    -2436.348145        0.125799
FIRE:   58 01:10:15    -2436.348145        0.116011
FIRE:   59 01:10:15    -2436.348389        0.097345
FIRE:   60 01:10:15    -2436.348389        0.096086
FIRE:   61 01:10:15    -2436.348633        0.095208
FIRE:   62 01:10:16    -2436.348633        0.094208
FIRE:   63 01:10:16    -2436.348877        0.093040
FIRE:   64 01:10:16    -2436.349121        0.091846
FIRE:   65 01:10:17    -2436.349121        0.090493
FIRE:   66 01:10:17    -2436.349365        0.089045
FIRE:   67 01:10:17    -2436.349854        0.087586
FIRE:   68 01:10:17    -2436.350342        0.086590
FIRE:   69 01:10:18    -2436.350830        0.086755
FIRE:   70 01:10:18    -2436.351562        0.086705
FIRE:   71 01:10:18    -2436.352295        0.086428
FIRE:   72 01:10:18    -2436.353271        0.085860
FIRE:   73 01:10:19    -2436.354248        0.085067
FIRE:   74 01:10:19    -2436.355713        0.085623
FIRE:   75 01:10:19    -2436.357422        0.086241
FIRE:   76 01:10:19    -2436.359375        0.086066
FIRE:   77 01:10:20    -2436.362061        0.084767
FIRE:   78 01:10:20    -2436.364990        0.083062
FIRE:   79 01:10:20    -2436.368652        0.082583
FIRE:   80 01:10:21    -2436.372803        0.084322
FIRE:   81 01:10:21    -2436.378174        0.087367
FIRE:   82 01:10:21    -2436.384277        0.088807
FIRE:   83 01:10:21    -2436.391602        0.087303
FIRE:   84 01:10:22    -2436.399902        0.253630
FIRE:   85 01:10:22    -2436.403564        0.786238
FIRE:   86 01:10:22    -2436.410889        0.088670
FIRE:   87 01:10:22    -2436.411133        0.088503
FIRE:   88 01:10:23    -2436.411133        0.088113
FIRE:   89 01:10:23    -2436.411377        0.087649
FIRE:   90 01:10:23    -2436.411621        0.087050
FIRE:   91 01:10:24    -2436.411865        0.086454
FIRE:   92 01:10:24    -2436.412354        0.085955
FIRE:   93 01:10:24    -2436.412842        0.085551
FIRE:   94 01:10:24    -2436.413330        0.085269
FIRE:   95 01:10:25    -2436.414062        0.085118
FIRE:   96 01:10:25    -2436.414795        0.085178
FIRE:   97 01:10:25    -2436.416260        0.085339
FIRE:   98 01:10:25    -2436.417480        0.085496
FIRE:   99 01:10:26    -2436.419434        0.085587
FIRE:  100 01:10:26    -2436.421387        0.085572
FIRE:  101 01:10:26    -2436.424072        0.085363
FIRE:  102 01:10:27    -2436.427246        0.084954
FIRE:  103 01:10:27    -2436.431396        0.084566
FIRE:  104 01:10:27    -2436.436279        0.084630
FIRE:  105 01:10:27    -2436.441895        0.085402
FIRE:  106 01:10:28    -2436.448975        0.114399
FIRE:  107 01:10:28    -2436.455322        0.388236
FIRE:  108 01:10:28    -2436.446533        1.201141
FIRE:  109 01:10:28    -2436.466797        0.153209
FIRE:  110 01:10:29    -2436.467041        0.108477
FIRE:  111 01:10:29    -2436.467285        0.088410
FIRE:  112 01:10:29    -2436.467529        0.087880
FIRE:  113 01:10:30    -2436.467529        0.104142
FIRE:  114 01:10:30    -2436.467773        0.112328
FIRE:  115 01:10:30    -2436.468262        0.086283
FIRE:  116 01:10:30    -2436.468994        0.085914
FIRE:  117 01:10:31    -2436.469482        0.085629
FIRE:  118 01:10:31    -2436.470215        0.092621
FIRE:  119 01:10:31    -2436.470947        0.085278
FIRE:  120 01:10:31    -2436.472168        0.085210
FIRE:  121 01:10:32    -2436.473389        0.085228
FIRE:  122 01:10:32    -2436.475098        0.085408
FIRE:  123 01:10:32    -2436.477051        0.085574
FIRE:  124 01:10:33    -2436.479492        0.085457
FIRE:  125 01:10:33    -2436.482422        0.085464
FIRE:  126 01:10:33    -2436.486084        0.084678
FIRE:  127 01:10:33    -2436.490723        0.084060
FIRE:  128 01:10:34    -2436.495850        0.083695
FIRE:  129 01:10:34    -2436.502197        0.136212
FIRE:  130 01:10:34    -2436.506836        0.467277
FIRE:  131 01:10:34    -2436.510010        0.081706
FIRE:  132 01:10:35    -2436.510010        0.081633
FIRE:  133 01:10:35    -2436.510254        0.081485
FIRE:  134 01:10:35    -2436.510254        0.081267
FIRE:  135 01:10:36    -2436.510498        0.080982
FIRE:  136 01:10:36    -2436.510742        0.080705
FIRE:  137 01:10:36    -2436.511230        0.080410
FIRE:  138 01:10:36    -2436.511475        0.080151
FIRE:  139 01:10:37    -2436.511963        0.079901
FIRE:  140 01:10:37    -2436.512451        0.079671
FIRE:  141 01:10:37    -2436.513184        0.079537
FIRE:  142 01:10:37    -2436.514160        0.079399
FIRE:  143 01:10:38    -2436.515137        0.079273
FIRE:  144 01:10:38    -2436.516602        0.079138
FIRE:  145 01:10:38    -2436.518066        0.079053
FIRE:  146 01:10:39    -2436.520264        0.078876
FIRE:  147 01:10:39    -2436.522705        0.078390
FIRE:  148 01:10:39    -2436.525879        0.077558
FIRE:  149 01:10:39    -2436.529541        0.076841
FIRE:  150 01:10:40    -2436.533936        0.076195
FIRE:  151 01:10:40    -2436.539551        0.075721
FIRE:  152 01:10:40    -2436.545410        0.196885
FIRE:  153 01:10:40    -2436.545898        0.733029
FIRE:  154 01:10:41    -2436.553467        0.128793
FIRE:  155 01:10:41    -2436.553711        0.092980
FIRE:  156 01:10:41    -2436.553711        0.073438
FIRE:  157 01:10:42    -2436.553955        0.073173
FIRE:  158 01:10:42    -2436.554199        0.084902
FIRE:  159 01:10:42    -2436.554199        0.093899
FIRE:  160 01:10:42    -2436.554688        0.073131
FIRE:  161 01:10:43    -2436.554932        0.073275
FIRE:  162 01:10:43    -2436.555420        0.073407
FIRE:  163 01:10:43    -2436.555908        0.075317
FIRE:  164 01:10:43    -2436.556641        0.073585
FIRE:  165 01:10:44    -2436.557373        0.073580
FIRE:  166 01:10:44    -2436.558350        0.073508
FIRE:  167 01:10:44    -2436.559570        0.073356
FIRE:  168 01:10:45    -2436.561035        0.073167
FIRE:  169 01:10:45    -2436.562744        0.072939
FIRE:  170 01:10:45    -2436.564941        0.072677
FIRE:  171 01:10:45    -2436.567627        0.072307
FIRE:  172 01:10:46    -2436.571045        0.071892
FIRE:  173 01:10:46    -2436.574951        0.071406
FIRE:  174 01:10:46    -2436.579590        0.070878
FIRE:  175 01:10:46    -2436.584473        0.239821
FIRE:  176 01:10:47    -2436.579590        0.952328
FIRE:  177 01:10:47    -2436.590820        0.267978
FIRE:  178 01:10:47    -2436.591553        0.186232
FIRE:  179 01:10:48    -2436.592041        0.070335
FIRE:  180 01:10:48    -2436.592041        0.105208
FIRE:  181 01:10:48    -2436.592041        0.097089
FIRE:  182 01:10:48    -2436.592041        0.081441
FIRE:  183 01:10:49    -2436.592285        0.070392
FIRE:  184 01:10:49    -2436.592285        0.070401
FIRE:  185 01:10:49    -2436.592285        0.070400
FIRE:  186 01:10:49    -2436.592529        0.070405
FIRE:  187 01:10:50    -2436.592529        0.070426
FIRE:  188 01:10:50    -2436.592529        0.070424
FIRE:  189 01:10:50    -2436.592773        0.070439
FIRE:  190 01:10:50    -2436.592773        0.070447
FIRE:  191 01:10:51    -2436.593018        0.070461
FIRE:  192 01:10:51    -2436.593262        0.070466
FIRE:  193 01:10:51    -2436.593506        0.070461
FIRE:  194 01:10:52    -2436.593994        0.070467
FIRE:  195 01:10:52    -2436.594482        0.070424
FIRE:  196 01:10:52    -2436.594971        0.070409
FIRE:  197 01:10:52    -2436.595703        0.070351
FIRE:  198 01:10:53    -2436.596436        0.070278
FIRE:  199 01:10:53    -2436.597412        0.070217
FIRE:  200 01:10:53    -2436.598633        0.070158
FIRE:  201 01:10:53    -2436.600098        0.070099
FIRE:  202 01:10:54    -2436.601807        0.070038
FIRE:  203 01:10:54    -2436.604004        0.069947
FIRE:  204 01:10:54    -2436.606689        0.069786
FIRE:  205 01:10:55    -2436.609863        0.069413
FIRE:  206 01:10:55    -2436.613525        0.068674
FIRE:  207 01:10:55    -2436.618164        0.067407
FIRE:  208 01:10:55    -2436.623535        0.124950
FIRE:  209 01:10:56    -2436.625488        0.620767
FIRE:  210 01:10:56    -2436.629639        0.181368
FIRE:  211 01:10:56    -2436.629883        0.124522
FIRE:  212 01:10:57    -2436.630127        0.061927
FIRE:  213 01:10:57    -2436.630127        0.073588
FIRE:  214 01:10:57    -2436.630127        0.067779
FIRE:  215 01:10:57    -2436.630371        0.062022
FIRE:  216 01:10:58    -2436.630371        0.062042
FIRE:  217 01:10:58    -2436.630371        0.062066
FIRE:  218 01:10:58    -2436.630371        0.062093
FIRE:  219 01:10:59    -2436.630371        0.062118
FIRE:  220 01:10:59    -2436.630615        0.062160
FIRE:  221 01:10:59    -2436.630615        0.062188
FIRE:  222 01:10:59    -2436.630859        0.062234
FIRE:  223 01:11:00    -2436.630859        0.062296
FIRE:  224 01:11:00    -2436.630859        0.062339
FIRE:  225 01:11:00    -2436.631348        0.062385
FIRE:  226 01:11:00    -2436.631592        0.062439
FIRE:  227 01:11:01    -2436.631836        0.062460
FIRE:  228 01:11:01    -2436.632324        0.062453
FIRE:  229 01:11:01    -2436.632568        0.062389
FIRE:  230 01:11:02    -2436.633301        0.062271
FIRE:  231 01:11:02    -2436.633789        0.062071
FIRE:  232 01:11:02    -2436.634521        0.061729
FIRE:  233 01:11:02    -2436.635742        0.061244
FIRE:  234 01:11:03    -2436.636963        0.060594
FIRE:  235 01:11:03    -2436.638428        0.059746
FIRE:  236 01:11:03    -2436.640137        0.058695
FIRE:  237 01:11:03    -2436.642334        0.057504
FIRE:  238 01:11:04    -2436.644775        0.056202
FIRE:  239 01:11:04    -2436.647705        0.108823
FIRE:  240 01:11:04    -2436.650391        0.281457
FIRE:  241 01:11:06    -2436.647217        0.751802
FIRE:  242 01:11:06    -2436.655029        0.064088
FIRE:  243 01:11:06    -2436.655273        0.053204
FIRE:  244 01:11:06    -2436.655273        0.053200
FIRE:  245 01:11:07    -2436.655273        0.053203
FIRE:  246 01:11:07    -2436.655518        0.053213
FIRE:  247 01:11:07    -2436.655518        0.053195
FIRE:  248 01:11:08    -2436.655518        0.053162
FIRE:  249 01:11:08    -2436.656006        0.053103
FIRE:  250 01:11:08    -2436.656006        0.053039
FIRE:  251 01:11:08    -2436.656250        0.052960
FIRE:  252 01:11:09    -2436.656738        0.052852
FIRE:  253 01:11:09    -2436.657227        0.052742
FIRE:  254 01:11:09    -2436.657715        0.052544
FIRE:  255 01:11:09    -2436.658203        0.052360
FIRE:  256 01:11:10    -2436.659180        0.052222
FIRE:  257 01:11:10    -2436.659912        0.052091
FIRE:  258 01:11:10    -2436.661133        0.052045
FIRE:  259 01:11:10    -2436.662598        0.051911
FIRE:  260 01:11:11    -2436.664307        0.051831
FIRE:  261 01:11:11    -2436.666504        0.051607
FIRE:  262 01:11:11    -2436.668945        0.072907
FIRE:  263 01:11:12    -2436.671143        0.251073
FIRE:  264 01:11:12    -2436.666016        0.815004
FIRE:  265 01:11:12    -2436.675293        0.149220
FIRE:  266 01:11:12    -2436.675293        0.103662
FIRE:  267 01:11:13    -2436.675537        0.049432
      Step     Time          Energy          fmax
FIRE:    0 01:19:07    -2434.764648        0.566042
FIRE:    1 01:19:07    -2434.774658        0.681590
FIRE:    2 01:19:07    -2434.794434        0.919487
FIRE:    3 01:19:08    -2434.833008        1.255170
FIRE:    4 01:19:08    -2434.910156        1.686741
FIRE:    5 01:19:08    -2435.056885        2.138707
FIRE:    6 01:19:08    -2435.300781        2.291422
FIRE:    7 01:19:09    -2435.598633        1.598758
FIRE:    8 01:19:09    -2435.767822        1.380775
FIRE:    9 01:19:09    -2435.782959        1.302768
FIRE:   10 01:19:09    -2435.807861        1.158088
FIRE:   11 01:19:10    -2435.834229        0.974521
FIRE:   12 01:19:10    -2435.855469        0.805633
FIRE:   13 01:19:10    -2435.871338        0.718953
FIRE:   14 01:19:11    -2435.885742        0.858263
FIRE:   15 01:19:11    -2435.904053        0.921471
FIRE:   16 01:19:11    -2435.930664        0.818801
FIRE:   17 01:19:11    -2435.962891        0.527809
FIRE:   18 01:19:12    -2435.990967        0.395813
FIRE:   19 01:19:12    -2436.011475        0.518916
FIRE:   20 01:19:12    -2436.035645        0.582177
FIRE:   21 01:19:12    -2436.071289        0.423282
FIRE:   22 01:19:13    -2436.102783        0.394220
FIRE:   23 01:19:13    -2436.127197        0.678520
FIRE:   24 01:19:13    -2436.163818        0.402567
FIRE:   25 01:19:14    -2436.190918        0.408660
FIRE:   26 01:19:14    -2436.217529        0.406535
FIRE:   27 01:19:14    -2436.239258        0.393760
FIRE:   28 01:19:14    -2436.243652        0.256527
FIRE:   29 01:19:15    -2436.246826        0.117685
FIRE:   30 01:19:15    -2436.248291        0.212305
FIRE:   31 01:19:15    -2436.248779        0.199564
FIRE:   32 01:19:16    -2436.249756        0.175412
FIRE:   33 01:19:16    -2436.250732        0.142977
FIRE:   34 01:19:16    -2436.251465        0.107247
FIRE:   35 01:19:16    -2436.252441        0.096177
FIRE:   36 01:19:17    -2436.253174        0.109920
FIRE:   37 01:19:17    -2436.254395        0.128306
FIRE:   38 01:19:17    -2436.255859        0.137363
FIRE:   39 01:19:17    -2436.257568        0.128824
FIRE:   40 01:19:18    -2436.259521        0.118752
FIRE:   41 01:19:18    -2436.262207        0.099772
FIRE:   42 01:19:18    -2436.265137        0.110650
FIRE:   43 01:19:19    -2436.268311        0.125262
FIRE:   44 01:19:19    -2436.272217        0.119366
FIRE:   45 01:19:19    -2436.276855        0.097179
FIRE:   46 01:19:19    -2436.281982        0.103540
FIRE:   47 01:19:20    -2436.288086        0.116444
FIRE:   48 01:19:20    -2436.295166        0.089353
FIRE:   49 01:19:20    -2436.302979        0.116247
FIRE:   50 01:19:20    -2436.312012        0.111189
FIRE:   51 01:19:21    -2436.322021        0.114386
FIRE:   52 01:19:21    -2436.331787        0.319572
FIRE:   53 01:19:21    -2436.322510        1.210261
FIRE:   54 01:19:22    -2436.345947        0.331734
FIRE:   55 01:19:22    -2436.347168        0.231470
FIRE:   56 01:19:22    -2436.347900        0.101480
FIRE:   57 01:19:22    -2436.348145        0.125799
FIRE:   58 01:19:23    -2436.348145        0.116011
FIRE:   59 01:19:23    -2436.348389        0.097345
FIRE:   60 01:19:23    -2436.348389        0.096086
FIRE:   61 01:19:24    -2436.348633        0.095208
FIRE:   62 01:19:24    -2436.348633        0.094208
FIRE:   63 01:19:24    -2436.348877        0.093040
FIRE:   64 01:19:24    -2436.349121        0.091846
FIRE:   65 01:19:25    -2436.349121        0.090493
FIRE:   66 01:19:25    -2436.349365        0.089045
FIRE:   67 01:19:25    -2436.349854        0.087586
FIRE:   68 01:19:26    -2436.350342        0.086590
FIRE:   69 01:19:26    -2436.350830        0.086755
FIRE:   70 01:19:26    -2436.351562        0.086705
FIRE:   71 01:19:26    -2436.352295        0.086428
FIRE:   72 01:19:27    -2436.353271        0.085860
FIRE:   73 01:19:27    -2436.354248        0.085067
FIRE:   74 01:19:27    -2436.355713        0.085623
FIRE:   75 01:19:27    -2436.357422        0.086241
FIRE:   76 01:19:28    -2436.359375        0.086066
FIRE:   77 01:19:28    -2436.362061        0.084767
FIRE:   78 01:19:28    -2436.364990        0.083062
FIRE:   79 01:19:29    -2436.368652        0.082583
FIRE:   80 01:19:29    -2436.372803        0.084322
FIRE:   81 01:19:29    -2436.378174        0.087367
FIRE:   82 01:19:29    -2436.384277        0.088807
FIRE:   83 01:19:30    -2436.391602        0.087303
FIRE:   84 01:19:30    -2436.399902        0.253630
FIRE:   85 01:19:30    -2436.403564        0.786238
FIRE:   86 01:19:31    -2436.410889        0.088670
FIRE:   87 01:19:31    -2436.411133        0.088503
FIRE:   88 01:19:31    -2436.411133        0.088113
FIRE:   89 01:19:31    -2436.411377        0.087649
FIRE:   90 01:19:32    -2436.411621        0.087050
FIRE:   91 01:19:32    -2436.411865        0.086454
FIRE:   92 01:19:32    -2436.412354        0.085955
FIRE:   93 01:19:32    -2436.412842        0.085551
FIRE:   94 01:19:33    -2436.413330        0.085269
FIRE:   95 01:19:33    -2436.414062        0.085118
FIRE:   96 01:19:33    -2436.414795        0.085178
FIRE:   97 01:19:34    -2436.416260        0.085339
FIRE:   98 01:19:34    -2436.417480        0.085496
FIRE:   99 01:19:34    -2436.419434        0.085587
FIRE:  100 01:19:34    -2436.421387        0.085572
FIRE:  101 01:19:35    -2436.424072        0.085363
FIRE:  102 01:19:35    -2436.427246        0.084954
FIRE:  103 01:19:35    -2436.431396        0.084566
FIRE:  104 01:19:35    -2436.436279        0.084630
FIRE:  105 01:19:36    -2436.441895        0.085402
FIRE:  106 01:19:36    -2436.448975        0.114399
FIRE:  107 01:19:36    -2436.455322        0.388236
FIRE:  108 01:19:37    -2436.446533        1.201141
FIRE:  109 01:19:37    -2436.466797        0.153209
FIRE:  110 01:19:37    -2436.467041        0.108477
FIRE:  111 01:19:38    -2436.467285        0.088410
FIRE:  112 01:19:38    -2436.467529        0.087880
FIRE:  113 01:19:38    -2436.467529        0.104142
FIRE:  114 01:19:38    -2436.467773        0.112328
FIRE:  115 01:19:39    -2436.468262        0.086283
FIRE:  116 01:19:39    -2436.468994        0.085914
FIRE:  117 01:19:39    -2436.469482        0.085629
FIRE:  118 01:19:39    -2436.470215        0.092621
FIRE:  119 01:19:40    -2436.470947        0.085278
FIRE:  120 01:19:40    -2436.472168        0.085210
FIRE:  121 01:19:40    -2436.473389        0.085228
FIRE:  122 01:19:41    -2436.475098        0.085408
FIRE:  123 01:19:41    -2436.477051        0.085574
FIRE:  124 01:19:41    -2436.479492        0.085457
FIRE:  125 01:19:41    -2436.482422        0.085464
FIRE:  126 01:19:42    -2436.486084        0.084678
FIRE:  127 01:19:42    -2436.490723        0.084060
FIRE:  128 01:19:42    -2436.495850        0.083695
FIRE:  129 01:19:43    -2436.502197        0.136212
FIRE:  130 01:19:43    -2436.506836        0.467277
FIRE:  131 01:19:43    -2436.510010        0.081706
FIRE:  132 01:19:43    -2436.510010        0.081633
FIRE:  133 01:19:44    -2436.510254        0.081485
FIRE:  134 01:19:44    -2436.510254        0.081267
FIRE:  135 01:19:44    -2436.510498        0.080982
FIRE:  136 01:19:44    -2436.510742        0.080705
FIRE:  137 01:19:45    -2436.511230        0.080410
FIRE:  138 01:19:45    -2436.511475        0.080151
FIRE:  139 01:19:45    -2436.511963        0.079901
FIRE:  140 01:19:45    -2436.512451        0.079671
FIRE:  141 01:19:46    -2436.513184        0.079537
FIRE:  142 01:19:46    -2436.514160        0.079399
FIRE:  143 01:19:46    -2436.515137        0.079273
FIRE:  144 01:19:47    -2436.516602        0.079138
FIRE:  145 01:19:47    -2436.518066        0.079053
FIRE:  146 01:19:47    -2436.520264        0.078876
FIRE:  147 01:19:47    -2436.522705        0.078390
FIRE:  148 01:19:48    -2436.525879        0.077558
FIRE:  149 01:19:48    -2436.529541        0.076841
FIRE:  150 01:19:48    -2436.533936        0.076195
FIRE:  151 01:19:48    -2436.539551        0.075721
FIRE:  152 01:19:49    -2436.545410        0.196885
FIRE:  153 01:19:49    -2436.545898        0.733029
FIRE:  154 01:19:49    -2436.553467        0.128793
FIRE:  155 01:19:50    -2436.553711        0.092980
FIRE:  156 01:19:50    -2436.553711        0.073438
FIRE:  157 01:19:50    -2436.553955        0.073173
FIRE:  158 01:19:50    -2436.554199        0.084902
FIRE:  159 01:19:51    -2436.554199        0.093899
FIRE:  160 01:19:51    -2436.554688        0.073131
FIRE:  161 01:19:51    -2436.554932        0.073275
FIRE:  162 01:19:51    -2436.555420        0.073407
FIRE:  163 01:19:52    -2436.555908        0.075317
FIRE:  164 01:19:52    -2436.556641        0.073585
FIRE:  165 01:19:52    -2436.557373        0.073580
FIRE:  166 01:19:53    -2436.558350        0.073508
FIRE:  167 01:19:53    -2436.559570        0.073356
FIRE:  168 01:19:53    -2436.561035        0.073167
FIRE:  169 01:19:53    -2436.562744        0.072939
FIRE:  170 01:19:54    -2436.564941        0.072677
FIRE:  171 01:19:54    -2436.567627        0.072307
FIRE:  172 01:19:54    -2436.571045        0.071892
FIRE:  173 01:19:54    -2436.574951        0.071406
FIRE:  174 01:19:55    -2436.579590        0.070878
FIRE:  175 01:19:55    -2436.584473        0.239821
FIRE:  176 01:19:55    -2436.579590        0.952328
FIRE:  177 01:19:56    -2436.590820        0.267978
FIRE:  178 01:19:56    -2436.591553        0.186232
FIRE:  179 01:19:56    -2436.592041        0.070335
FIRE:  180 01:19:56    -2436.592041        0.105208
FIRE:  181 01:19:57    -2436.592041        0.097089
FIRE:  182 01:19:57    -2436.592041        0.081441
FIRE:  183 01:19:57    -2436.592285        0.070392
FIRE:  184 01:19:57    -2436.592285        0.070401
FIRE:  185 01:19:58    -2436.592285        0.070400
FIRE:  186 01:19:58    -2436.592529        0.070405
FIRE:  187 01:19:58    -2436.592529        0.070426
FIRE:  188 01:19:59    -2436.592529        0.070424
FIRE:  189 01:19:59    -2436.592773        0.070439
FIRE:  190 01:19:59    -2436.592773        0.070447
FIRE:  191 01:19:59    -2436.593018        0.070461
FIRE:  192 01:20:00    -2436.593262        0.070466
FIRE:  193 01:20:00    -2436.593506        0.070461
FIRE:  194 01:20:00    -2436.593994        0.070467
FIRE:  195 01:20:00    -2436.594482        0.070424
FIRE:  196 01:20:01    -2436.594971        0.070409
FIRE:  197 01:20:01    -2436.595703        0.070351
FIRE:  198 01:20:01    -2436.596436        0.070278
FIRE:  199 01:20:02    -2436.597412        0.070217
FIRE:  200 01:20:02    -2436.598633        0.070158
FIRE:  201 01:20:02    -2436.600098        0.070099
FIRE:  202 01:20:02    -2436.601807        0.070038
FIRE:  203 01:20:03    -2436.604004        0.069947
FIRE:  204 01:20:03    -2436.606689        0.069786
FIRE:  205 01:20:03    -2436.609863        0.069413
FIRE:  206 01:20:03    -2436.613525        0.068674
FIRE:  207 01:20:04    -2436.618164        0.067407
FIRE:  208 01:20:04    -2436.623535        0.124950
FIRE:  209 01:20:04    -2436.625488        0.620767
FIRE:  210 01:20:05    -2436.629639        0.181368
FIRE:  211 01:20:05    -2436.629883        0.124522
FIRE:  212 01:20:05    -2436.630127        0.061927
FIRE:  213 01:20:05    -2436.630127        0.073588
FIRE:  214 01:20:06    -2436.630127        0.067779
FIRE:  215 01:20:06    -2436.630371        0.062022
FIRE:  216 01:20:06    -2436.630371        0.062042
FIRE:  217 01:20:06    -2436.630371        0.062066
FIRE:  218 01:20:07    -2436.630371        0.062093
FIRE:  219 01:20:07    -2436.630371        0.062118
FIRE:  220 01:20:07    -2436.630615        0.062160
FIRE:  221 01:20:08    -2436.630615        0.062188
FIRE:  222 01:20:08    -2436.630859        0.062234
FIRE:  223 01:20:08    -2436.630859        0.062296
FIRE:  224 01:20:08    -2436.630859        0.062339
FIRE:  225 01:20:09    -2436.631348        0.062385
FIRE:  226 01:20:09    -2436.631592        0.062439
FIRE:  227 01:20:09    -2436.631836        0.062460
FIRE:  228 01:20:09    -2436.632324        0.062453
FIRE:  229 01:20:10    -2436.632568        0.062389
FIRE:  230 01:20:10    -2436.633301        0.062271
FIRE:  231 01:20:10    -2436.633789        0.062071
FIRE:  232 01:20:11    -2436.634521        0.061729
FIRE:  233 01:20:11    -2436.635742        0.061244
FIRE:  234 01:20:11    -2436.636963        0.060594
FIRE:  235 01:20:11    -2436.638428        0.059746
FIRE:  236 01:20:12    -2436.640137        0.058695
FIRE:  237 01:20:12    -2436.642334        0.057504
FIRE:  238 01:20:12    -2436.644775        0.056202
FIRE:  239 01:20:12    -2436.647705        0.108823
FIRE:  240 01:20:13    -2436.650391        0.281457
FIRE:  241 01:20:13    -2436.647217        0.751802
FIRE:  242 01:20:13    -2436.655029        0.064088
FIRE:  243 01:20:14    -2436.655273        0.053204
FIRE:  244 01:20:14    -2436.655273        0.053200
FIRE:  245 01:20:14    -2436.655273        0.053203
FIRE:  246 01:20:14    -2436.655518        0.053213
FIRE:  247 01:20:15    -2436.655518        0.053195
FIRE:  248 01:20:15    -2436.655518        0.053162
FIRE:  249 01:20:15    -2436.656006        0.053103
FIRE:  250 01:20:16    -2436.656006        0.053039
FIRE:  251 01:20:17    -2436.656250        0.052960
FIRE:  252 01:20:17    -2436.656738        0.052852
FIRE:  253 01:20:17    -2436.657227        0.052742
FIRE:  254 01:20:17    -2436.657715        0.052544
FIRE:  255 01:20:18    -2436.658203        0.052360
FIRE:  256 01:20:18    -2436.659180        0.052222
FIRE:  257 01:20:18    -2436.659912        0.052091
FIRE:  258 01:20:19    -2436.661133        0.052045
FIRE:  259 01:20:19    -2436.662598        0.051911
FIRE:  260 01:20:19    -2436.664307        0.051831
FIRE:  261 01:20:19    -2436.666504        0.051607
FIRE:  262 01:20:20    -2436.668945        0.072907
FIRE:  263 01:20:20    -2436.671143        0.251073
FIRE:  264 01:20:20    -2436.666016        0.815004
FIRE:  265 01:20:20    -2436.675293        0.149220
FIRE:  266 01:20:21    -2436.675293        0.103662
FIRE:  267 01:20:21    -2436.675537        0.049432
       Step     Time          Energy          fmax
LBFGS:    0 01:25:36    -2436.687500        0.872527
LBFGS:    1 01:25:36    -2436.707520        1.065120
LBFGS:    2 01:25:36    -2436.457764        3.070217
LBFGS:    3 01:25:36    -2436.672852        0.783783
LBFGS:    4 01:25:37    -2436.657715        0.603923
LBFGS:    5 01:25:37    -2436.641846        0.130801
LBFGS:    6 01:25:37    -2436.638672        0.484934
LBFGS:    7 01:25:38    -2436.643311        0.076886
LBFGS:    8 01:25:38    -2436.643799        0.064908
LBFGS:    9 01:25:38    -2436.639404        0.436981
LBFGS:   10 01:25:38    -2436.633789        0.895294
LBFGS:   11 01:25:39    -2436.574707        2.954990
LBFGS:   12 01:25:39    -2436.638916        0.875922
LBFGS:   13 01:25:39    -2436.643066        0.747303
LBFGS:   14 01:25:39    -2436.647217        0.565513
LBFGS:   15 01:25:40    -2436.650879        0.099054
LBFGS:   16 01:25:40    -2436.651855        0.266130
LBFGS:   17 01:25:40    -2436.655029        0.614777
LBFGS:   18 01:25:40    -2436.649414        0.144525
LBFGS:   19 01:25:41    -2436.648193        0.328643
LBFGS:   20 01:25:41    -2436.650146        0.074874
LBFGS:   21 01:25:41    -2436.650635        0.133443
LBFGS:   22 01:25:42    -2436.651855        0.583176
LBFGS:   23 01:25:42    -2436.654053        0.554722
LBFGS:   24 01:25:42    -2436.667480        2.189089
LBFGS:   25 01:25:42    -2436.708252        0.567833
LBFGS:   26 01:25:43    -2436.739990        0.405491
LBFGS:   27 01:25:43    -2436.721924        0.986570
LBFGS:   28 01:25:43    -2436.758545        0.281016
LBFGS:   29 01:25:43    -2436.762451        0.192389
LBFGS:   30 01:25:44    -2436.763916        0.183824
LBFGS:   31 01:25:44    -2436.762451        0.185712
LBFGS:   32 01:25:44    -2436.765869        0.200007
LBFGS:   33 01:25:45    -2436.767822        0.238194
LBFGS:   34 01:25:45    -2436.775635        0.289408
LBFGS:   35 01:25:45    -2436.782715        0.241779
LBFGS:   36 01:25:45    -2436.790527        0.173054
LBFGS:   37 01:25:46    -2436.797363        0.167148
LBFGS:   38 01:25:46    -2436.804443        0.184147
LBFGS:   39 01:25:46    -2436.811035        0.190855
LBFGS:   40 01:25:46    -2436.818359        0.168074
LBFGS:   41 01:25:47    -2436.824463        0.143874
LBFGS:   42 01:25:47    -2436.829834        0.150587
LBFGS:   43 01:25:47    -2436.834961        0.151076
LBFGS:   44 01:25:48    -2436.839355        0.160653
LBFGS:   45 01:25:48    -2436.843018        0.123457
LBFGS:   46 01:25:48    -2436.846436        0.118387
LBFGS:   47 01:25:48    -2436.849854        0.124621
LBFGS:   48 01:25:49    -2436.853027        0.133506
LBFGS:   49 01:25:49    -2436.855713        0.103080
LBFGS:   50 01:25:49    -2436.857666        0.089067
LBFGS:   51 01:25:49    -2436.859863        0.094822
LBFGS:   52 01:25:50    -2436.862061        0.123532
LBFGS:   53 01:25:50    -2436.864502        0.109716
LBFGS:   54 01:25:50    -2436.866455        0.066222
LBFGS:   55 01:25:51    -2436.868164        0.075536
LBFGS:   56 01:25:51    -2436.869873        0.096421
LBFGS:   57 01:25:51    -2436.871582        0.090513
LBFGS:   58 01:25:51    -2436.874023        0.112686
LBFGS:   59 01:25:52    -2436.876953        0.122853
LBFGS:   60 01:25:52    -2436.879883        0.116710
LBFGS:   61 01:25:52    -2436.882812        0.095628
LBFGS:   62 01:25:52    -2436.885010        0.076195
LBFGS:   63 01:25:53    -2436.886719        0.099185
LBFGS:   64 01:25:53    -2436.888916        0.111063
LBFGS:   65 01:25:53    -2436.891602        0.115344
LBFGS:   66 01:25:54    -2436.894043        0.085214
LBFGS:   67 01:25:54    -2436.896240        0.081528
LBFGS:   68 01:25:54    -2436.898438        0.089596
LBFGS:   69 01:25:54    -2436.900879        0.123522
LBFGS:   70 01:25:55    -2436.904053        0.123232
LBFGS:   71 01:25:55    -2436.907227        0.091225
LBFGS:   72 01:25:55    -2436.910156        0.079959
LBFGS:   73 01:25:55    -2436.912598        0.103886
LBFGS:   74 01:25:56    -2436.914795        0.100180
LBFGS:   75 01:25:56    -2436.916748        0.068757
LBFGS:   76 01:25:56    -2436.918701        0.056624
LBFGS:   77 01:25:57    -2436.920410        0.081742
LBFGS:   78 01:25:57    -2436.921875        0.085221
LBFGS:   79 01:25:57    -2436.923828        0.059497
LBFGS:   80 01:25:57    -2436.925293        0.055907
LBFGS:   81 01:25:58    -2436.926758        0.069823
LBFGS:   82 01:25:58    -2436.928223        0.073960
LBFGS:   83 01:25:58    -2436.929688        0.053067
LBFGS:   84 01:25:58    -2436.930908        0.048285
      Step     Time          Energy          fmax
FIRE:    0 01:31:23    -2436.687500        0.872527
FIRE:    1 01:31:23    -2436.701416        1.005918
FIRE:    2 01:31:24    -2436.734863        1.292516
FIRE:    3 01:31:24    -2436.808350        1.747611
FIRE:    4 01:31:24    -2436.960205        2.319323
FIRE:    5 01:31:24    -2437.236084        2.568664
FIRE:    6 01:31:25    -2437.558350        1.121346
FIRE:    7 01:31:25    -2437.525635        3.644353
FIRE:    8 01:31:25    -2437.596436        2.806117
FIRE:    9 01:31:26    -2437.685303        1.602686
FIRE:   10 01:31:26    -2437.738281        0.763189
FIRE:   11 01:31:26    -2437.739990        1.118931
FIRE:   12 01:31:26    -2437.741455        1.090242
FIRE:   13 01:31:27    -2437.744629        1.033271
FIRE:   14 01:31:27    -2437.749023        0.949003
FIRE:   15 01:31:27    -2437.754395        0.839179
FIRE:   16 01:31:27    -2437.760010        0.706568
FIRE:   17 01:31:28    -2437.765869        0.667515
FIRE:   18 01:31:28    -2437.771484        0.653078
FIRE:   19 01:31:28    -2437.777100        0.634163
FIRE:   20 01:31:28    -2437.782959        0.609868
FIRE:   21 01:31:29    -2437.789307        0.579548
FIRE:   22 01:31:29    -2437.796875        0.542863
FIRE:   23 01:31:29    -2437.806641        0.499603
FIRE:   24 01:31:29    -2437.818359        0.449527
FIRE:   25 01:31:30    -2437.831543        0.392249
FIRE:   26 01:31:30    -2437.844238        0.327175
FIRE:   27 01:31:30    -2437.855469        0.284778
FIRE:   28 01:31:31    -2437.866943        0.341070
FIRE:   29 01:31:32    -2437.879395        0.201626
FIRE:   30 01:31:32    -2437.890137        0.143735
FIRE:   31 01:31:32    -2437.897461        0.321510
FIRE:   32 01:31:33    -2437.905273        0.173345
FIRE:   33 01:31:33    -2437.911621        0.238127
FIRE:   34 01:31:33    -2437.917480        0.369493
FIRE:   35 01:31:33    -2437.926270        0.233286
FIRE:   36 01:31:34    -2437.935791        0.237963
FIRE:   37 01:31:34    -2437.947510        0.179319
FIRE:   38 01:31:34    -2437.959717        0.187216
FIRE:   39 01:31:35    -2437.971436        0.264144
FIRE:   40 01:31:35    -2437.979492        0.456993
FIRE:   41 01:31:35    -2437.985840        0.107600
FIRE:   42 01:31:35    -2437.984131        0.411335
FIRE:   43 01:31:36    -2437.986084        0.291068
FIRE:   44 01:31:36    -2437.988281        0.090353
FIRE:   45 01:31:36    -2437.989014        0.129865
FIRE:   46 01:31:36    -2437.989014        0.120751
FIRE:   47 01:31:37    -2437.989014        0.103155
FIRE:   48 01:31:37    -2437.989258        0.086367
FIRE:   49 01:31:37    -2437.989502        0.085914
FIRE:   50 01:31:38    -2437.989746        0.085315
FIRE:   51 01:31:38    -2437.990234        0.084559
FIRE:   52 01:31:38    -2437.990479        0.083645
FIRE:   53 01:31:38    -2437.990723        0.082446
FIRE:   54 01:31:39    -2437.991211        0.080900
FIRE:   55 01:31:39    -2437.991943        0.078937
FIRE:   56 01:31:39    -2437.992432        0.076477
FIRE:   57 01:31:39    -2437.993408        0.073419
FIRE:   58 01:31:40    -2437.994385        0.069732
FIRE:   59 01:31:40    -2437.995605        0.066299
FIRE:   60 01:31:40    -2437.996826        0.063875
FIRE:   61 01:31:41    -2437.998535        0.061331
FIRE:   62 01:31:41    -2438.000244        0.058741
FIRE:   63 01:31:41    -2438.002197        0.056306
FIRE:   64 01:31:41    -2438.004395        0.054145
FIRE:   65 01:31:42    -2438.007080        0.052096
FIRE:   66 01:31:42    -2438.009766        0.049762
      Step     Time          Energy          fmax
FIRE:    0 23:07:20    -2436.244629        0.881065
FIRE:    1 23:07:20    -2436.258057        0.969966
FIRE:    2 23:07:21    -2436.288574        1.136512
FIRE:    3 23:07:21    -2436.347168        1.325171
FIRE:    4 23:07:21    -2436.444824        1.419237
FIRE:    5 23:07:21    -2436.578857        1.161885
FIRE:    6 23:07:22    -2436.697266        0.723397
FIRE:    7 23:07:22    -2436.701416        1.790859
FIRE:    8 23:07:22    -2436.717773        1.497143
FIRE:    9 23:07:23    -2436.741211        0.979837
FIRE:   10 23:07:23    -2436.761230        0.509042
FIRE:   11 23:07:23    -2436.770020        0.431290
FIRE:   12 23:07:23    -2436.770264        0.708653
FIRE:   13 23:07:24    -2436.770996        0.689020
FIRE:   14 23:07:24    -2436.772461        0.650258
FIRE:   15 23:07:24    -2436.774414        0.593646
FIRE:   16 23:07:24    -2436.776855        0.520968
FIRE:   17 23:07:25    -2436.779297        0.434885
FIRE:   18 23:07:25    -2436.781738        0.384155
FIRE:   19 23:07:25    -2436.784180        0.377885
FIRE:   20 23:07:26    -2436.786377        0.369768
FIRE:   21 23:07:26    -2436.788818        0.359468
FIRE:   22 23:07:26    -2436.791260        0.346759
FIRE:   23 23:07:26    -2436.794189        0.331563
FIRE:   24 23:07:27    -2436.797852        0.314454
FIRE:   25 23:07:27    -2436.802734        0.296721
FIRE:   26 23:07:27    -2436.808594        0.270431
FIRE:   27 23:07:28    -2436.814941        0.244207
FIRE:   28 23:07:28    -2436.821045        0.214354
FIRE:   29 23:07:28    -2436.826904        0.293588
FIRE:   30 23:07:28    -2436.833252        0.301004
FIRE:   31 23:07:29    -2436.840332        0.169029
FIRE:   32 23:07:29    -2436.846436        0.120439
FIRE:   33 23:07:29    -2436.851562        0.193787
FIRE:   34 23:07:29    -2436.857666        0.101033
FIRE:   35 23:07:30    -2436.862793        0.160823
FIRE:   36 23:07:30    -2436.867920        0.193007
FIRE:   37 23:07:30    -2436.874023        0.127629
FIRE:   38 23:07:30    -2436.879395        0.181901
FIRE:   39 23:07:31    -2436.885742        0.132722
FIRE:   40 23:07:31    -2436.892090        0.088916
FIRE:   41 23:07:31    -2436.895996        0.230912
FIRE:   42 23:07:32    -2436.898926        0.101481
FIRE:   43 23:07:32    -2436.898193        0.171857
FIRE:   44 23:07:32    -2436.899170        0.125661
FIRE:   45 23:07:32    -2436.899902        0.065997
FIRE:   46 23:07:33    -2436.900391        0.066264
FIRE:   47 23:07:33    -2436.900391        0.066220
FIRE:   48 23:07:33    -2436.900391        0.066146
FIRE:   49 23:07:33    -2436.900391        0.066041
FIRE:   50 23:07:34    -2436.900635        0.065945
FIRE:   51 23:07:34    -2436.900635        0.065816
FIRE:   52 23:07:34    -2436.900879        0.065719
FIRE:   53 23:07:34    -2436.900879        0.065610
FIRE:   54 23:07:35    -2436.901367        0.065485
FIRE:   55 23:07:35    -2436.901367        0.065332
FIRE:   56 23:07:35    -2436.901611        0.065081
FIRE:   57 23:07:36    -2436.902100        0.064671
FIRE:   58 23:07:36    -2436.902588        0.064026
FIRE:   59 23:07:36    -2436.902832        0.063122
FIRE:   60 23:07:36    -2436.903564        0.062050
FIRE:   61 23:07:37    -2436.904297        0.060968
FIRE:   62 23:07:37    -2436.905029        0.060085
FIRE:   63 23:07:37    -2436.906006        0.059300
FIRE:   64 23:07:37    -2436.906982        0.058390
FIRE:   65 23:07:38    -2436.908203        0.057269
FIRE:   66 23:07:38    -2436.909424        0.056087
FIRE:   67 23:07:38    -2436.911133        0.054751
FIRE:   68 23:07:39    -2436.912842        0.053133
FIRE:   69 23:07:39    -2436.914551        0.051060
FIRE:   70 23:07:39    -2436.916504        0.047896
